<?xml version="1.0" encoding="UTF-8"?>
<testng-results skipped="0" failed="0" total="3" passed="3">
  <reporter-output>
  </reporter-output>
  <suite name="Suite1" duration-ms="42365" started-at="2023-06-16T00:43:10Z" finished-at="2023-06-16T00:43:53Z">
    <groups>
      <group name="cucumber">
        <method signature="AbstractTestNGCucumberTests.feature(cucumber.api.testng.CucumberFeatureWrapper)[pri:0, instance:com.nexttechitc.Testrunner.TestrunnerTestNG$TestRunner@2f7c7260]" name="feature" class="cucumber.api.testng.AbstractTestNGCucumberTests"/>
      </group> <!-- cucumber -->
    </groups>
    <test name="Nopackage" duration-ms="42365" started-at="2023-06-16T00:43:10Z" finished-at="2023-06-16T00:43:53Z">
      <class name="com.nexttechitc.Testrunner.TestrunnerTestNG$TestRunner">
        <test-method status="PASS" signature="setUpClass()[pri:0, instance:com.nexttechitc.Testrunner.TestrunnerTestNG$TestRunner@2f7c7260]" name="setUpClass" is-config="true" duration-ms="511" started-at="2023-06-15T19:43:11Z" finished-at="2023-06-15T19:43:11Z">
          <reporter-output>
          </reporter-output>
        </test-method> <!-- setUpClass -->
        <test-method status="PASS" signature="feature(cucumber.api.testng.CucumberFeatureWrapper)[pri:0, instance:com.nexttechitc.Testrunner.TestrunnerTestNG$TestRunner@2f7c7260]" name="feature" duration-ms="14682" started-at="2023-06-15T19:43:11Z" description="Runs Cucumber Feature" data-provider="features" finished-at="2023-06-15T19:43:26Z">
          <params>
            <param index="0">
              <value>
                <![CDATA[Validate Amazon Bestseller]]>
              </value>
            </param>
          </params>
          <reporter-output>
          </reporter-output>
        </test-method> <!-- feature -->
        <test-method status="PASS" signature="feature(cucumber.api.testng.CucumberFeatureWrapper)[pri:0, instance:com.nexttechitc.Testrunner.TestrunnerTestNG$TestRunner@2f7c7260]" name="feature" duration-ms="12673" started-at="2023-06-15T19:43:26Z" description="Runs Cucumber Feature" data-provider="features" finished-at="2023-06-15T19:43:38Z">
          <params>
            <param index="0">
              <value>
                <![CDATA[Validate Amazon Pharmacy Homepage]]>
              </value>
            </param>
          </params>
          <reporter-output>
          </reporter-output>
        </test-method> <!-- feature -->
        <test-method status="PASS" signature="feature(cucumber.api.testng.CucumberFeatureWrapper)[pri:0, instance:com.nexttechitc.Testrunner.TestrunnerTestNG$TestRunner@2f7c7260]" name="feature" duration-ms="14379" started-at="2023-06-15T19:43:38Z" description="Runs Cucumber Feature" data-provider="features" finished-at="2023-06-15T19:43:53Z">
          <params>
            <param index="0">
              <value>
                <![CDATA[Validate Amazon search]]>
              </value>
            </param>
          </params>
          <reporter-output>
          </reporter-output>
        </test-method> <!-- feature -->
        <test-method status="PASS" signature="tearDownClass()[pri:0, instance:com.nexttechitc.Testrunner.TestrunnerTestNG$TestRunner@2f7c7260]" name="tearDownClass" is-config="true" duration-ms="3" started-at="2023-06-15T19:43:53Z" finished-at="2023-06-15T19:43:53Z">
          <reporter-output>
          </reporter-output>
        </test-method> <!-- tearDownClass -->
      </class> <!-- com.nexttechitc.Testrunner.TestrunnerTestNG$TestRunner -->
    </test> <!-- Nopackage -->
  </suite> <!-- Suite1 -->
</testng-results>
